Started GET "/" for 127.0.0.1 at 2018-01-21 13:48:27 -0200
  
Mysql2::Error (Unknown MySQL server host 'mysql' (2)):
  
mysql2 (0.4.10) lib/mysql2/client.rb:89:in `connect'
mysql2 (0.4.10) lib/mysql2/client.rb:89:in `initialize'
activerecord (5.1.4) lib/active_record/connection_adapters/mysql2_adapter.rb:21:in `new'
activerecord (5.1.4) lib/active_record/connection_adapters/mysql2_adapter.rb:21:in `mysql2_connection'
activerecord (5.1.4) lib/active_record/connection_adapters/abstract/connection_pool.rb:759:in `new_connection'
activerecord (5.1.4) lib/active_record/connection_adapters/abstract/connection_pool.rb:803:in `checkout_new_connection'
activerecord (5.1.4) lib/active_record/connection_adapters/abstract/connection_pool.rb:782:in `try_to_checkout_new_connection'
activerecord (5.1.4) lib/active_record/connection_adapters/abstract/connection_pool.rb:743:in `acquire_connection'
activerecord (5.1.4) lib/active_record/connection_adapters/abstract/connection_pool.rb:500:in `checkout'
activerecord (5.1.4) lib/active_record/connection_adapters/abstract/connection_pool.rb:374:in `connection'
activerecord (5.1.4) lib/active_record/connection_adapters/abstract/connection_pool.rb:931:in `retrieve_connection'
activerecord (5.1.4) lib/active_record/connection_handling.rb:116:in `retrieve_connection'
activerecord (5.1.4) lib/active_record/connection_handling.rb:88:in `connection'
activerecord (5.1.4) lib/active_record/migration.rb:562:in `connection'
activerecord (5.1.4) lib/active_record/migration.rb:553:in `call'
actionpack (5.1.4) lib/action_dispatch/middleware/callbacks.rb:26:in `block in call'
activesupport (5.1.4) lib/active_support/callbacks.rb:97:in `run_callbacks'
actionpack (5.1.4) lib/action_dispatch/middleware/callbacks.rb:24:in `call'
actionpack (5.1.4) lib/action_dispatch/middleware/executor.rb:12:in `call'
actionpack (5.1.4) lib/action_dispatch/middleware/debug_exceptions.rb:59:in `call'
web-console (3.5.1) lib/web_console/middleware.rb:135:in `call_app'
web-console (3.5.1) lib/web_console/middleware.rb:28:in `block in call'
web-console (3.5.1) lib/web_console/middleware.rb:18:in `catch'
web-console (3.5.1) lib/web_console/middleware.rb:18:in `call'
actionpack (5.1.4) lib/action_dispatch/middleware/show_exceptions.rb:31:in `call'
railties (5.1.4) lib/rails/rack/logger.rb:36:in `call_app'
railties (5.1.4) lib/rails/rack/logger.rb:24:in `block in call'
activesupport (5.1.4) lib/active_support/tagged_logging.rb:69:in `block in tagged'
activesupport (5.1.4) lib/active_support/tagged_logging.rb:26:in `tagged'
activesupport (5.1.4) lib/active_support/tagged_logging.rb:69:in `tagged'
railties (5.1.4) lib/rails/rack/logger.rb:24:in `call'
sprockets-rails (3.2.1) lib/sprockets/rails/quiet_assets.rb:13:in `call'
actionpack (5.1.4) lib/action_dispatch/middleware/remote_ip.rb:79:in `call'
actionpack (5.1.4) lib/action_dispatch/middleware/request_id.rb:25:in `call'
rack (2.0.3) lib/rack/method_override.rb:22:in `call'
rack (2.0.3) lib/rack/runtime.rb:22:in `call'
activesupport (5.1.4) lib/active_support/cache/strategy/local_cache_middleware.rb:27:in `call'
actionpack (5.1.4) lib/action_dispatch/middleware/executor.rb:12:in `call'
actionpack (5.1.4) lib/action_dispatch/middleware/static.rb:125:in `call'
rack (2.0.3) lib/rack/sendfile.rb:111:in `call'
railties (5.1.4) lib/rails/engine.rb:522:in `call'
puma (3.11.0) lib/puma/configuration.rb:225:in `call'
puma (3.11.0) lib/puma/server.rb:624:in `handle_request'
puma (3.11.0) lib/puma/server.rb:438:in `process_client'
puma (3.11.0) lib/puma/server.rb:302:in `block in run'
puma (3.11.0) lib/puma/thread_pool.rb:120:in `block in spawn_thread'
Started GET "/" for 127.0.0.1 at 2018-01-21 13:49:49 -0200
  
Mysql2::Error (Unknown MySQL server host 'mysql' (2)):
  
mysql2 (0.4.10) lib/mysql2/client.rb:89:in `connect'
mysql2 (0.4.10) lib/mysql2/client.rb:89:in `initialize'
activerecord (5.1.4) lib/active_record/connection_adapters/mysql2_adapter.rb:21:in `new'
activerecord (5.1.4) lib/active_record/connection_adapters/mysql2_adapter.rb:21:in `mysql2_connection'
activerecord (5.1.4) lib/active_record/connection_adapters/abstract/connection_pool.rb:759:in `new_connection'
activerecord (5.1.4) lib/active_record/connection_adapters/abstract/connection_pool.rb:803:in `checkout_new_connection'
activerecord (5.1.4) lib/active_record/connection_adapters/abstract/connection_pool.rb:782:in `try_to_checkout_new_connection'
activerecord (5.1.4) lib/active_record/connection_adapters/abstract/connection_pool.rb:743:in `acquire_connection'
activerecord (5.1.4) lib/active_record/connection_adapters/abstract/connection_pool.rb:500:in `checkout'
activerecord (5.1.4) lib/active_record/connection_adapters/abstract/connection_pool.rb:374:in `connection'
activerecord (5.1.4) lib/active_record/connection_adapters/abstract/connection_pool.rb:931:in `retrieve_connection'
activerecord (5.1.4) lib/active_record/connection_handling.rb:116:in `retrieve_connection'
activerecord (5.1.4) lib/active_record/connection_handling.rb:88:in `connection'
activerecord (5.1.4) lib/active_record/migration.rb:562:in `connection'
activerecord (5.1.4) lib/active_record/migration.rb:553:in `call'
actionpack (5.1.4) lib/action_dispatch/middleware/callbacks.rb:26:in `block in call'
activesupport (5.1.4) lib/active_support/callbacks.rb:97:in `run_callbacks'
actionpack (5.1.4) lib/action_dispatch/middleware/callbacks.rb:24:in `call'
actionpack (5.1.4) lib/action_dispatch/middleware/executor.rb:12:in `call'
actionpack (5.1.4) lib/action_dispatch/middleware/debug_exceptions.rb:59:in `call'
web-console (3.5.1) lib/web_console/middleware.rb:135:in `call_app'
web-console (3.5.1) lib/web_console/middleware.rb:28:in `block in call'
web-console (3.5.1) lib/web_console/middleware.rb:18:in `catch'
web-console (3.5.1) lib/web_console/middleware.rb:18:in `call'
actionpack (5.1.4) lib/action_dispatch/middleware/show_exceptions.rb:31:in `call'
railties (5.1.4) lib/rails/rack/logger.rb:36:in `call_app'
railties (5.1.4) lib/rails/rack/logger.rb:24:in `block in call'
activesupport (5.1.4) lib/active_support/tagged_logging.rb:69:in `block in tagged'
activesupport (5.1.4) lib/active_support/tagged_logging.rb:26:in `tagged'
activesupport (5.1.4) lib/active_support/tagged_logging.rb:69:in `tagged'
railties (5.1.4) lib/rails/rack/logger.rb:24:in `call'
sprockets-rails (3.2.1) lib/sprockets/rails/quiet_assets.rb:13:in `call'
actionpack (5.1.4) lib/action_dispatch/middleware/remote_ip.rb:79:in `call'
actionpack (5.1.4) lib/action_dispatch/middleware/request_id.rb:25:in `call'
rack (2.0.3) lib/rack/method_override.rb:22:in `call'
rack (2.0.3) lib/rack/runtime.rb:22:in `call'
activesupport (5.1.4) lib/active_support/cache/strategy/local_cache_middleware.rb:27:in `call'
actionpack (5.1.4) lib/action_dispatch/middleware/executor.rb:12:in `call'
actionpack (5.1.4) lib/action_dispatch/middleware/static.rb:125:in `call'
rack (2.0.3) lib/rack/sendfile.rb:111:in `call'
railties (5.1.4) lib/rails/engine.rb:522:in `call'
puma (3.11.0) lib/puma/configuration.rb:225:in `call'
puma (3.11.0) lib/puma/server.rb:624:in `handle_request'
puma (3.11.0) lib/puma/server.rb:438:in `process_client'
puma (3.11.0) lib/puma/server.rb:302:in `block in run'
puma (3.11.0) lib/puma/thread_pool.rb:120:in `block in spawn_thread'
Started GET "/" for 127.0.0.1 at 2018-01-21 13:50:00 -0200
  
Mysql2::Error (Access denied for user 'root'@'localhost' (using password: YES)):
  
mysql2 (0.4.10) lib/mysql2/client.rb:89:in `connect'
mysql2 (0.4.10) lib/mysql2/client.rb:89:in `initialize'
activerecord (5.1.4) lib/active_record/connection_adapters/mysql2_adapter.rb:21:in `new'
activerecord (5.1.4) lib/active_record/connection_adapters/mysql2_adapter.rb:21:in `mysql2_connection'
activerecord (5.1.4) lib/active_record/connection_adapters/abstract/connection_pool.rb:759:in `new_connection'
activerecord (5.1.4) lib/active_record/connection_adapters/abstract/connection_pool.rb:803:in `checkout_new_connection'
activerecord (5.1.4) lib/active_record/connection_adapters/abstract/connection_pool.rb:782:in `try_to_checkout_new_connection'
activerecord (5.1.4) lib/active_record/connection_adapters/abstract/connection_pool.rb:743:in `acquire_connection'
activerecord (5.1.4) lib/active_record/connection_adapters/abstract/connection_pool.rb:500:in `checkout'
activerecord (5.1.4) lib/active_record/connection_adapters/abstract/connection_pool.rb:374:in `connection'
activerecord (5.1.4) lib/active_record/connection_adapters/abstract/connection_pool.rb:931:in `retrieve_connection'
activerecord (5.1.4) lib/active_record/connection_handling.rb:116:in `retrieve_connection'
activerecord (5.1.4) lib/active_record/connection_handling.rb:88:in `connection'
activerecord (5.1.4) lib/active_record/migration.rb:562:in `connection'
activerecord (5.1.4) lib/active_record/migration.rb:553:in `call'
actionpack (5.1.4) lib/action_dispatch/middleware/callbacks.rb:26:in `block in call'
activesupport (5.1.4) lib/active_support/callbacks.rb:97:in `run_callbacks'
actionpack (5.1.4) lib/action_dispatch/middleware/callbacks.rb:24:in `call'
actionpack (5.1.4) lib/action_dispatch/middleware/executor.rb:12:in `call'
actionpack (5.1.4) lib/action_dispatch/middleware/debug_exceptions.rb:59:in `call'
web-console (3.5.1) lib/web_console/middleware.rb:135:in `call_app'
web-console (3.5.1) lib/web_console/middleware.rb:28:in `block in call'
web-console (3.5.1) lib/web_console/middleware.rb:18:in `catch'
web-console (3.5.1) lib/web_console/middleware.rb:18:in `call'
actionpack (5.1.4) lib/action_dispatch/middleware/show_exceptions.rb:31:in `call'
railties (5.1.4) lib/rails/rack/logger.rb:36:in `call_app'
railties (5.1.4) lib/rails/rack/logger.rb:24:in `block in call'
activesupport (5.1.4) lib/active_support/tagged_logging.rb:69:in `block in tagged'
activesupport (5.1.4) lib/active_support/tagged_logging.rb:26:in `tagged'
activesupport (5.1.4) lib/active_support/tagged_logging.rb:69:in `tagged'
railties (5.1.4) lib/rails/rack/logger.rb:24:in `call'
sprockets-rails (3.2.1) lib/sprockets/rails/quiet_assets.rb:13:in `call'
actionpack (5.1.4) lib/action_dispatch/middleware/remote_ip.rb:79:in `call'
actionpack (5.1.4) lib/action_dispatch/middleware/request_id.rb:25:in `call'
rack (2.0.3) lib/rack/method_override.rb:22:in `call'
rack (2.0.3) lib/rack/runtime.rb:22:in `call'
activesupport (5.1.4) lib/active_support/cache/strategy/local_cache_middleware.rb:27:in `call'
actionpack (5.1.4) lib/action_dispatch/middleware/executor.rb:12:in `call'
actionpack (5.1.4) lib/action_dispatch/middleware/static.rb:125:in `call'
rack (2.0.3) lib/rack/sendfile.rb:111:in `call'
railties (5.1.4) lib/rails/engine.rb:522:in `call'
puma (3.11.0) lib/puma/configuration.rb:225:in `call'
puma (3.11.0) lib/puma/server.rb:624:in `handle_request'
puma (3.11.0) lib/puma/server.rb:438:in `process_client'
puma (3.11.0) lib/puma/server.rb:302:in `block in run'
puma (3.11.0) lib/puma/thread_pool.rb:120:in `block in spawn_thread'
Started GET "/" for 127.0.0.1 at 2018-01-21 13:51:22 -0200
  
ActiveRecord::NoDatabaseError (Unknown database 'crawler-b'):
  
activerecord (5.1.4) lib/active_record/connection_adapters/mysql2_adapter.rb:25:in `rescue in mysql2_connection'
activerecord (5.1.4) lib/active_record/connection_adapters/mysql2_adapter.rb:12:in `mysql2_connection'
activerecord (5.1.4) lib/active_record/connection_adapters/abstract/connection_pool.rb:759:in `new_connection'
activerecord (5.1.4) lib/active_record/connection_adapters/abstract/connection_pool.rb:803:in `checkout_new_connection'
activerecord (5.1.4) lib/active_record/connection_adapters/abstract/connection_pool.rb:782:in `try_to_checkout_new_connection'
activerecord (5.1.4) lib/active_record/connection_adapters/abstract/connection_pool.rb:743:in `acquire_connection'
activerecord (5.1.4) lib/active_record/connection_adapters/abstract/connection_pool.rb:500:in `checkout'
activerecord (5.1.4) lib/active_record/connection_adapters/abstract/connection_pool.rb:374:in `connection'
activerecord (5.1.4) lib/active_record/connection_adapters/abstract/connection_pool.rb:931:in `retrieve_connection'
activerecord (5.1.4) lib/active_record/connection_handling.rb:116:in `retrieve_connection'
activerecord (5.1.4) lib/active_record/connection_handling.rb:88:in `connection'
activerecord (5.1.4) lib/active_record/migration.rb:562:in `connection'
activerecord (5.1.4) lib/active_record/migration.rb:553:in `call'
actionpack (5.1.4) lib/action_dispatch/middleware/callbacks.rb:26:in `block in call'
activesupport (5.1.4) lib/active_support/callbacks.rb:97:in `run_callbacks'
actionpack (5.1.4) lib/action_dispatch/middleware/callbacks.rb:24:in `call'
actionpack (5.1.4) lib/action_dispatch/middleware/executor.rb:12:in `call'
actionpack (5.1.4) lib/action_dispatch/middleware/debug_exceptions.rb:59:in `call'
web-console (3.5.1) lib/web_console/middleware.rb:135:in `call_app'
web-console (3.5.1) lib/web_console/middleware.rb:28:in `block in call'
web-console (3.5.1) lib/web_console/middleware.rb:18:in `catch'
web-console (3.5.1) lib/web_console/middleware.rb:18:in `call'
actionpack (5.1.4) lib/action_dispatch/middleware/show_exceptions.rb:31:in `call'
railties (5.1.4) lib/rails/rack/logger.rb:36:in `call_app'
railties (5.1.4) lib/rails/rack/logger.rb:24:in `block in call'
activesupport (5.1.4) lib/active_support/tagged_logging.rb:69:in `block in tagged'
activesupport (5.1.4) lib/active_support/tagged_logging.rb:26:in `tagged'
activesupport (5.1.4) lib/active_support/tagged_logging.rb:69:in `tagged'
railties (5.1.4) lib/rails/rack/logger.rb:24:in `call'
sprockets-rails (3.2.1) lib/sprockets/rails/quiet_assets.rb:13:in `call'
actionpack (5.1.4) lib/action_dispatch/middleware/remote_ip.rb:79:in `call'
actionpack (5.1.4) lib/action_dispatch/middleware/request_id.rb:25:in `call'
rack (2.0.3) lib/rack/method_override.rb:22:in `call'
rack (2.0.3) lib/rack/runtime.rb:22:in `call'
activesupport (5.1.4) lib/active_support/cache/strategy/local_cache_middleware.rb:27:in `call'
actionpack (5.1.4) lib/action_dispatch/middleware/executor.rb:12:in `call'
actionpack (5.1.4) lib/action_dispatch/middleware/static.rb:125:in `call'
rack (2.0.3) lib/rack/sendfile.rb:111:in `call'
railties (5.1.4) lib/rails/engine.rb:522:in `call'
puma (3.11.0) lib/puma/configuration.rb:225:in `call'
puma (3.11.0) lib/puma/server.rb:624:in `handle_request'
puma (3.11.0) lib/puma/server.rb:438:in `process_client'
puma (3.11.0) lib/puma/server.rb:302:in `block in run'
puma (3.11.0) lib/puma/thread_pool.rb:120:in `block in spawn_thread'
Started GET "/" for 127.0.0.1 at 2018-01-21 13:53:22 -0200
  [1m[35m (0.7ms)[0m  [1m[35mSET NAMES utf8,  @@SESSION.sql_mode = CONCAT(CONCAT(@@sql_mode, ',STRICT_ALL_TABLES'), ',NO_AUTO_VALUE_ON_ZERO'),  @@SESSION.sql_auto_is_null = 0, @@SESSION.wait_timeout = 2147483[0m
  
ActiveRecord::PendingMigrationError (

Migrations are pending. To resolve this issue, run:

        bin/rails db:migrate RAILS_ENV=development

):
  
activerecord (5.1.4) lib/active_record/migration.rb:576:in `check_pending!'
activerecord (5.1.4) lib/active_record/migration.rb:553:in `call'
actionpack (5.1.4) lib/action_dispatch/middleware/callbacks.rb:26:in `block in call'
activesupport (5.1.4) lib/active_support/callbacks.rb:97:in `run_callbacks'
actionpack (5.1.4) lib/action_dispatch/middleware/callbacks.rb:24:in `call'
actionpack (5.1.4) lib/action_dispatch/middleware/executor.rb:12:in `call'
actionpack (5.1.4) lib/action_dispatch/middleware/debug_exceptions.rb:59:in `call'
web-console (3.5.1) lib/web_console/middleware.rb:135:in `call_app'
web-console (3.5.1) lib/web_console/middleware.rb:28:in `block in call'
web-console (3.5.1) lib/web_console/middleware.rb:18:in `catch'
web-console (3.5.1) lib/web_console/middleware.rb:18:in `call'
actionpack (5.1.4) lib/action_dispatch/middleware/show_exceptions.rb:31:in `call'
railties (5.1.4) lib/rails/rack/logger.rb:36:in `call_app'
railties (5.1.4) lib/rails/rack/logger.rb:24:in `block in call'
activesupport (5.1.4) lib/active_support/tagged_logging.rb:69:in `block in tagged'
activesupport (5.1.4) lib/active_support/tagged_logging.rb:26:in `tagged'
activesupport (5.1.4) lib/active_support/tagged_logging.rb:69:in `tagged'
railties (5.1.4) lib/rails/rack/logger.rb:24:in `call'
sprockets-rails (3.2.1) lib/sprockets/rails/quiet_assets.rb:13:in `call'
actionpack (5.1.4) lib/action_dispatch/middleware/remote_ip.rb:79:in `call'
actionpack (5.1.4) lib/action_dispatch/middleware/request_id.rb:25:in `call'
rack (2.0.3) lib/rack/method_override.rb:22:in `call'
rack (2.0.3) lib/rack/runtime.rb:22:in `call'
activesupport (5.1.4) lib/active_support/cache/strategy/local_cache_middleware.rb:27:in `call'
actionpack (5.1.4) lib/action_dispatch/middleware/executor.rb:12:in `call'
actionpack (5.1.4) lib/action_dispatch/middleware/static.rb:125:in `call'
rack (2.0.3) lib/rack/sendfile.rb:111:in `call'
railties (5.1.4) lib/rails/engine.rb:522:in `call'
puma (3.11.0) lib/puma/configuration.rb:225:in `call'
puma (3.11.0) lib/puma/server.rb:624:in `handle_request'
puma (3.11.0) lib/puma/server.rb:438:in `process_client'
puma (3.11.0) lib/puma/server.rb:302:in `block in run'
puma (3.11.0) lib/puma/thread_pool.rb:120:in `block in spawn_thread'
  [1m[35m (0.5ms)[0m  [1m[35mSET NAMES utf8,  @@SESSION.sql_mode = CONCAT(CONCAT(@@sql_mode, ',STRICT_ALL_TABLES'), ',NO_AUTO_VALUE_ON_ZERO'),  @@SESSION.sql_auto_is_null = 0, @@SESSION.wait_timeout = 2147483[0m
  [1m[35m (305.8ms)[0m  [1m[35mCREATE TABLE `schema_migrations` (`version` varchar(255) NOT NULL PRIMARY KEY) ENGINE=InnoDB[0m
  [1m[35m (323.6ms)[0m  [1m[35mCREATE TABLE `ar_internal_metadata` (`key` varchar(255) NOT NULL PRIMARY KEY, `value` varchar(255), `created_at` datetime NOT NULL, `updated_at` datetime NOT NULL) ENGINE=InnoDB[0m
  [1m[35m (0.3ms)[0m  [1m[34mSELECT GET_LOCK(7258106463677488650, 0)[0m
  [1m[35m (0.4ms)[0m  [1m[34mSELECT `schema_migrations`.`version` FROM `schema_migrations` ORDER BY `schema_migrations`.`version` ASC[0m
Migrating to CreateEmails (20180112010933)
  [1m[35m (270.1ms)[0m  [1m[35mCREATE TABLE `emails` (`id` bigint NOT NULL AUTO_INCREMENT PRIMARY KEY, `email` varchar(255) NOT NULL, `created_at` datetime NOT NULL, `updated_at` datetime NOT NULL) ENGINE=InnoDB[0m
  [1m[35m (242.7ms)[0m  [1m[35mCREATE UNIQUE INDEX `index_emails_on_email`  ON `emails` (`email`) [0m
  [1m[35m (0.3ms)[0m  [1m[35mBEGIN[0m
  [1m[35mSQL (0.5ms)[0m  [1m[32mINSERT INTO `schema_migrations` (`version`) VALUES ('20180112010933')[0m
  [1m[35m (34.7ms)[0m  [1m[35mCOMMIT[0m
Migrating to CreateUrls (20180112011048)
  [1m[35m (266.4ms)[0m  [1m[35mCREATE TABLE `urls` (`id` bigint NOT NULL AUTO_INCREMENT PRIMARY KEY, `url` text NOT NULL, `visited` tinyint(1) DEFAULT 0, `created_at` datetime NOT NULL, `updated_at` datetime NOT NULL) ENGINE=InnoDB[0m
  [1m[35m (0.2ms)[0m  [1m[35mBEGIN[0m
  [1m[35mSQL (0.4ms)[0m  [1m[32mINSERT INTO `schema_migrations` (`version`) VALUES ('20180112011048')[0m
  [1m[35m (97.2ms)[0m  [1m[35mCOMMIT[0m
Migrating to CreateSettings (20180112011207)
  [1m[35m (364.5ms)[0m  [1m[35mCREATE TABLE `settings` (`id` bigint NOT NULL AUTO_INCREMENT PRIMARY KEY, `activated` tinyint(1) DEFAULT 0, `created_at` datetime NOT NULL, `updated_at` datetime NOT NULL) ENGINE=InnoDB[0m
  [1m[35m (0.2ms)[0m  [1m[35mBEGIN[0m
  [1m[35mSQL (0.5ms)[0m  [1m[32mINSERT INTO `schema_migrations` (`version`) VALUES ('20180112011207')[0m
  [1m[35m (41.6ms)[0m  [1m[35mCOMMIT[0m
  [1m[36mActiveRecord::InternalMetadata Load (0.5ms)[0m  [1m[34mSELECT  `ar_internal_metadata`.* FROM `ar_internal_metadata` WHERE `ar_internal_metadata`.`key` = 'environment' LIMIT 1[0m
  [1m[35m (0.3ms)[0m  [1m[35mBEGIN[0m
  [1m[35mSQL (0.5ms)[0m  [1m[32mINSERT INTO `ar_internal_metadata` (`key`, `value`, `created_at`, `updated_at`) VALUES ('environment', 'development', '2018-01-21 15:53:40', '2018-01-21 15:53:40')[0m
  [1m[35m (37.9ms)[0m  [1m[35mCOMMIT[0m
  [1m[35m (0.3ms)[0m  [1m[34mSELECT RELEASE_LOCK(7258106463677488650)[0m
  [1m[35m (0.4ms)[0m  [1m[34mSELECT `schema_migrations`.`version` FROM `schema_migrations` ORDER BY `schema_migrations`.`version` ASC[0m
Started GET "/" for 127.0.0.1 at 2018-01-21 13:53:50 -0200
  [1m[35m (0.5ms)[0m  [1m[35mSET NAMES utf8,  @@SESSION.sql_mode = CONCAT(CONCAT(@@sql_mode, ',STRICT_ALL_TABLES'), ',NO_AUTO_VALUE_ON_ZERO'),  @@SESSION.sql_auto_is_null = 0, @@SESSION.wait_timeout = 2147483[0m
  [1m[35m (0.5ms)[0m  [1m[34mSELECT `schema_migrations`.`version` FROM `schema_migrations` ORDER BY `schema_migrations`.`version` ASC[0m
Processing by Rails::WelcomeController#index as HTML
  Rendering /home/victor/.rbenv/versions/2.4.2/lib/ruby/gems/2.4.0/gems/railties-5.1.4/lib/rails/templates/rails/welcome/index.html.erb
  Rendered /home/victor/.rbenv/versions/2.4.2/lib/ruby/gems/2.4.0/gems/railties-5.1.4/lib/rails/templates/rails/welcome/index.html.erb (7.2ms)
Completed 200 OK in 30ms (Views: 23.2ms | ActiveRecord: 0.0ms)


Started GET "/emails" for 127.0.0.1 at 2018-01-21 13:58:07 -0200
  [1m[35m (0.5ms)[0m  [1m[35mSET NAMES utf8,  @@SESSION.sql_mode = CONCAT(CONCAT(@@sql_mode, ',STRICT_ALL_TABLES'), ',NO_AUTO_VALUE_ON_ZERO'),  @@SESSION.sql_auto_is_null = 0, @@SESSION.wait_timeout = 2147483[0m
  [1m[35m (0.6ms)[0m  [1m[34mSELECT `schema_migrations`.`version` FROM `schema_migrations` ORDER BY `schema_migrations`.`version` ASC[0m
  
ActionController::RoutingError (No route matches [GET] "/emails"):
  
actionpack (5.1.4) lib/action_dispatch/middleware/debug_exceptions.rb:63:in `call'
web-console (3.5.1) lib/web_console/middleware.rb:135:in `call_app'
web-console (3.5.1) lib/web_console/middleware.rb:28:in `block in call'
web-console (3.5.1) lib/web_console/middleware.rb:18:in `catch'
web-console (3.5.1) lib/web_console/middleware.rb:18:in `call'
actionpack (5.1.4) lib/action_dispatch/middleware/show_exceptions.rb:31:in `call'
railties (5.1.4) lib/rails/rack/logger.rb:36:in `call_app'
railties (5.1.4) lib/rails/rack/logger.rb:24:in `block in call'
activesupport (5.1.4) lib/active_support/tagged_logging.rb:69:in `block in tagged'
activesupport (5.1.4) lib/active_support/tagged_logging.rb:26:in `tagged'
activesupport (5.1.4) lib/active_support/tagged_logging.rb:69:in `tagged'
railties (5.1.4) lib/rails/rack/logger.rb:24:in `call'
sprockets-rails (3.2.1) lib/sprockets/rails/quiet_assets.rb:13:in `call'
actionpack (5.1.4) lib/action_dispatch/middleware/remote_ip.rb:79:in `call'
actionpack (5.1.4) lib/action_dispatch/middleware/request_id.rb:25:in `call'
rack (2.0.3) lib/rack/method_override.rb:22:in `call'
rack (2.0.3) lib/rack/runtime.rb:22:in `call'
activesupport (5.1.4) lib/active_support/cache/strategy/local_cache_middleware.rb:27:in `call'
actionpack (5.1.4) lib/action_dispatch/middleware/executor.rb:12:in `call'
actionpack (5.1.4) lib/action_dispatch/middleware/static.rb:125:in `call'
rack (2.0.3) lib/rack/sendfile.rb:111:in `call'
railties (5.1.4) lib/rails/engine.rb:522:in `call'
puma (3.11.0) lib/puma/configuration.rb:225:in `call'
puma (3.11.0) lib/puma/server.rb:624:in `handle_request'
puma (3.11.0) lib/puma/server.rb:438:in `process_client'
puma (3.11.0) lib/puma/server.rb:302:in `block in run'
puma (3.11.0) lib/puma/thread_pool.rb:120:in `block in spawn_thread'
Started GET "/emails/index" for 127.0.0.1 at 2018-01-21 13:58:19 -0200
Processing by EmailsController#index as HTML
  [1m[35m (3.6ms)[0m  [1m[35mSET NAMES utf8,  @@SESSION.sql_mode = CONCAT(CONCAT(@@sql_mode, ',STRICT_ALL_TABLES'), ',NO_AUTO_VALUE_ON_ZERO'),  @@SESSION.sql_auto_is_null = 0, @@SESSION.wait_timeout = 2147483[0m
  [1m[36mEmail Load (1.2ms)[0m  [1m[34mSELECT  `emails`.* FROM `emails` LIMIT 10[0m
  Rendering emails/index.html.erb within layouts/application
  Rendered emails/index.html.erb within layouts/application (0.7ms)
Completed 200 OK in 502ms (Views: 459.4ms | ActiveRecord: 6.5ms)


Started GET "/" for 127.0.0.1 at 2018-01-21 13:58:56 -0200
  [1m[35m (0.5ms)[0m  [1m[35mSET NAMES utf8,  @@SESSION.sql_mode = CONCAT(CONCAT(@@sql_mode, ',STRICT_ALL_TABLES'), ',NO_AUTO_VALUE_ON_ZERO'),  @@SESSION.sql_auto_is_null = 0, @@SESSION.wait_timeout = 2147483[0m
  [1m[35m (0.5ms)[0m  [1m[34mSELECT `schema_migrations`.`version` FROM `schema_migrations` ORDER BY `schema_migrations`.`version` ASC[0m
Processing by EmailsController#index as HTML
  [1m[36mEmail Load (0.7ms)[0m  [1m[34mSELECT  `emails`.* FROM `emails` LIMIT 10[0m
  Rendering emails/index.html.erb within layouts/application
  Rendered emails/index.html.erb within layouts/application (1.7ms)
Completed 200 OK in 366ms (Views: 351.8ms | ActiveRecord: 3.3ms)


Started GET "/" for 127.0.0.1 at 2018-01-21 14:01:58 -0200
Processing by EmailsController#index as HTML
  [1m[35m (0.5ms)[0m  [1m[35mSET NAMES utf8,  @@SESSION.sql_mode = CONCAT(CONCAT(@@sql_mode, ',STRICT_ALL_TABLES'), ',NO_AUTO_VALUE_ON_ZERO'),  @@SESSION.sql_auto_is_null = 0, @@SESSION.wait_timeout = 2147483[0m
  [1m[36mEmail Load (0.6ms)[0m  [1m[34mSELECT  `emails`.* FROM `emails` LIMIT 10[0m
  Rendering emails/index.html.erb within layouts/application
  Rendered emails/index.html.erb within layouts/application (0.6ms)
Completed 200 OK in 37ms (Views: 30.7ms | ActiveRecord: 1.0ms)


Started GET "/" for 127.0.0.1 at 2018-01-21 14:02:13 -0200
  [1m[35m (0.6ms)[0m  [1m[35mSET NAMES utf8,  @@SESSION.sql_mode = CONCAT(CONCAT(@@sql_mode, ',STRICT_ALL_TABLES'), ',NO_AUTO_VALUE_ON_ZERO'),  @@SESSION.sql_auto_is_null = 0, @@SESSION.wait_timeout = 2147483[0m
  [1m[35m (0.5ms)[0m  [1m[34mSELECT `schema_migrations`.`version` FROM `schema_migrations` ORDER BY `schema_migrations`.`version` ASC[0m
Processing by EmailsController#index as HTML
  [1m[36mEmail Load (0.6ms)[0m  [1m[34mSELECT  `emails`.* FROM `emails` LIMIT 10[0m
  Rendering emails/index.html.erb within layouts/application
  Rendered emails/index.html.erb within layouts/application (14.9ms)
Completed 200 OK in 401ms (Views: 389.1ms | ActiveRecord: 1.5ms)


Started GET "/" for 127.0.0.1 at 2018-01-21 14:03:25 -0200
Processing by EmailsController#index as HTML
  [1m[36mEmail Load (0.5ms)[0m  [1m[34mSELECT  `emails`.* FROM `emails` LIMIT 10[0m
  Rendering emails/index.html.erb within layouts/application
  Rendered emails/index.html.erb within layouts/application (0.7ms)
Completed 200 OK in 69ms (Views: 59.7ms | ActiveRecord: 0.5ms)


Started GET "/" for 127.0.0.1 at 2018-01-21 14:07:47 -0200
Processing by EmailsController#index as HTML
  [1m[36mEmail Load (0.5ms)[0m  [1m[34mSELECT  `emails`.* FROM `emails` LIMIT 10[0m
  Rendering emails/index.html.erb within layouts/application
  Rendered emails/index.html.erb within layouts/application (0.8ms)
Completed 200 OK in 59ms (Views: 49.1ms | ActiveRecord: 0.5ms)


  
ActionController::RoutingError (No route matches [GET] "/assets/images/logo-bemovin.png"):
  
actionpack (5.1.4) lib/action_dispatch/middleware/debug_exceptions.rb:63:in `call'
web-console (3.5.1) lib/web_console/middleware.rb:135:in `call_app'
web-console (3.5.1) lib/web_console/middleware.rb:28:in `block in call'
web-console (3.5.1) lib/web_console/middleware.rb:18:in `catch'
web-console (3.5.1) lib/web_console/middleware.rb:18:in `call'
actionpack (5.1.4) lib/action_dispatch/middleware/show_exceptions.rb:31:in `call'
railties (5.1.4) lib/rails/rack/logger.rb:36:in `call_app'
railties (5.1.4) lib/rails/rack/logger.rb:24:in `block in call'
activesupport (5.1.4) lib/active_support/tagged_logging.rb:69:in `block in tagged'
activesupport (5.1.4) lib/active_support/tagged_logging.rb:26:in `tagged'
activesupport (5.1.4) lib/active_support/tagged_logging.rb:69:in `tagged'
railties (5.1.4) lib/rails/rack/logger.rb:24:in `call'
sprockets-rails (3.2.1) lib/sprockets/rails/quiet_assets.rb:11:in `block in call'
activesupport (5.1.4) lib/active_support/logger_silence.rb:20:in `silence'
activesupport (5.1.4) lib/active_support/logger.rb:63:in `block (3 levels) in broadcast'
activesupport (5.1.4) lib/active_support/logger_silence.rb:20:in `silence'
activesupport (5.1.4) lib/active_support/logger.rb:61:in `block (2 levels) in broadcast'
sprockets-rails (3.2.1) lib/sprockets/rails/quiet_assets.rb:11:in `call'
actionpack (5.1.4) lib/action_dispatch/middleware/remote_ip.rb:79:in `call'
actionpack (5.1.4) lib/action_dispatch/middleware/request_id.rb:25:in `call'
rack (2.0.3) lib/rack/method_override.rb:22:in `call'
rack (2.0.3) lib/rack/runtime.rb:22:in `call'
activesupport (5.1.4) lib/active_support/cache/strategy/local_cache_middleware.rb:27:in `call'
actionpack (5.1.4) lib/action_dispatch/middleware/executor.rb:12:in `call'
actionpack (5.1.4) lib/action_dispatch/middleware/static.rb:125:in `call'
rack (2.0.3) lib/rack/sendfile.rb:111:in `call'
railties (5.1.4) lib/rails/engine.rb:522:in `call'
puma (3.11.0) lib/puma/configuration.rb:225:in `call'
puma (3.11.0) lib/puma/server.rb:624:in `handle_request'
puma (3.11.0) lib/puma/server.rb:438:in `process_client'
puma (3.11.0) lib/puma/server.rb:302:in `block in run'
puma (3.11.0) lib/puma/thread_pool.rb:120:in `block in spawn_thread'
Started GET "/" for 127.0.0.1 at 2018-01-21 14:08:04 -0200
Processing by EmailsController#index as HTML
  [1m[36mEmail Load (0.5ms)[0m  [1m[34mSELECT  `emails`.* FROM `emails` LIMIT 10[0m
  Rendering emails/index.html.erb within layouts/application
  Rendered emails/index.html.erb within layouts/application (0.7ms)
Completed 200 OK in 42ms (Views: 35.2ms | ActiveRecord: 0.5ms)


  
ActionController::RoutingError (No route matches [GET] "/assets/images/logo-bemovin.png"):
  
actionpack (5.1.4) lib/action_dispatch/middleware/debug_exceptions.rb:63:in `call'
web-console (3.5.1) lib/web_console/middleware.rb:135:in `call_app'
web-console (3.5.1) lib/web_console/middleware.rb:28:in `block in call'
web-console (3.5.1) lib/web_console/middleware.rb:18:in `catch'
web-console (3.5.1) lib/web_console/middleware.rb:18:in `call'
actionpack (5.1.4) lib/action_dispatch/middleware/show_exceptions.rb:31:in `call'
railties (5.1.4) lib/rails/rack/logger.rb:36:in `call_app'
railties (5.1.4) lib/rails/rack/logger.rb:24:in `block in call'
activesupport (5.1.4) lib/active_support/tagged_logging.rb:69:in `block in tagged'
activesupport (5.1.4) lib/active_support/tagged_logging.rb:26:in `tagged'
activesupport (5.1.4) lib/active_support/tagged_logging.rb:69:in `tagged'
railties (5.1.4) lib/rails/rack/logger.rb:24:in `call'
sprockets-rails (3.2.1) lib/sprockets/rails/quiet_assets.rb:11:in `block in call'
activesupport (5.1.4) lib/active_support/logger_silence.rb:20:in `silence'
activesupport (5.1.4) lib/active_support/logger.rb:63:in `block (3 levels) in broadcast'
activesupport (5.1.4) lib/active_support/logger_silence.rb:20:in `silence'
activesupport (5.1.4) lib/active_support/logger.rb:61:in `block (2 levels) in broadcast'
sprockets-rails (3.2.1) lib/sprockets/rails/quiet_assets.rb:11:in `call'
actionpack (5.1.4) lib/action_dispatch/middleware/remote_ip.rb:79:in `call'
actionpack (5.1.4) lib/action_dispatch/middleware/request_id.rb:25:in `call'
rack (2.0.3) lib/rack/method_override.rb:22:in `call'
rack (2.0.3) lib/rack/runtime.rb:22:in `call'
activesupport (5.1.4) lib/active_support/cache/strategy/local_cache_middleware.rb:27:in `call'
actionpack (5.1.4) lib/action_dispatch/middleware/executor.rb:12:in `call'
actionpack (5.1.4) lib/action_dispatch/middleware/static.rb:125:in `call'
rack (2.0.3) lib/rack/sendfile.rb:111:in `call'
railties (5.1.4) lib/rails/engine.rb:522:in `call'
puma (3.11.0) lib/puma/configuration.rb:225:in `call'
puma (3.11.0) lib/puma/server.rb:624:in `handle_request'
puma (3.11.0) lib/puma/server.rb:438:in `process_client'
puma (3.11.0) lib/puma/server.rb:302:in `block in run'
puma (3.11.0) lib/puma/thread_pool.rb:120:in `block in spawn_thread'
Started GET "/" for 127.0.0.1 at 2018-01-21 14:10:26 -0200
Processing by EmailsController#index as HTML
  [1m[36mEmail Load (0.6ms)[0m  [1m[34mSELECT  `emails`.* FROM `emails` LIMIT 10[0m
  Rendering emails/index.html.erb within layouts/application
  Rendered emails/index.html.erb within layouts/application (0.6ms)
Completed 200 OK in 40ms (Views: 31.6ms | ActiveRecord: 0.6ms)


Started GET "/" for 127.0.0.1 at 2018-01-21 14:12:22 -0200
Processing by EmailsController#index as HTML
  [1m[36mEmail Load (0.6ms)[0m  [1m[34mSELECT  `emails`.* FROM `emails` LIMIT 10[0m
  Rendering emails/index.html.erb within layouts/application
  Rendered emails/index.html.erb within layouts/application (0.5ms)
Completed 200 OK in 95ms (Views: 87.7ms | ActiveRecord: 0.6ms)


Started GET "/" for 127.0.0.1 at 2018-01-21 14:13:32 -0200
Processing by EmailsController#index as HTML
  [1m[36mEmail Load (0.7ms)[0m  [1m[34mSELECT  `emails`.* FROM `emails` LIMIT 10[0m
  Rendering emails/index.html.erb within layouts/application
  Rendered emails/index.html.erb within layouts/application (0.5ms)
Completed 200 OK in 33ms (Views: 28.5ms | ActiveRecord: 0.7ms)


Started GET "/" for 127.0.0.1 at 2018-01-21 14:14:53 -0200
Processing by EmailsController#index as HTML
  [1m[36mEmail Load (0.8ms)[0m  [1m[34mSELECT  `emails`.* FROM `emails` LIMIT 10[0m
  Rendering emails/index.html.erb within layouts/application
  Rendered emails/index.html.erb within layouts/application (0.6ms)
Completed 200 OK in 66ms (Views: 54.7ms | ActiveRecord: 0.8ms)


Started GET "/" for 127.0.0.1 at 2018-01-21 14:15:28 -0200
Processing by EmailsController#index as HTML
  [1m[36mEmail Load (1.0ms)[0m  [1m[34mSELECT  `emails`.* FROM `emails` LIMIT 10[0m
  Rendering emails/index.html.erb within layouts/application
  Rendered emails/index.html.erb within layouts/application (0.6ms)
Completed 200 OK in 23ms (Views: 19.0ms | ActiveRecord: 1.0ms)


Started GET "/" for 127.0.0.1 at 2018-01-21 14:15:40 -0200
Processing by EmailsController#index as HTML
  [1m[36mEmail Load (0.5ms)[0m  [1m[34mSELECT  `emails`.* FROM `emails` LIMIT 10[0m
  Rendering emails/index.html.erb within layouts/application
  Rendered emails/index.html.erb within layouts/application (0.6ms)
Completed 200 OK in 52ms (Views: 44.0ms | ActiveRecord: 0.5ms)


Started GET "/" for 127.0.0.1 at 2018-01-21 14:15:46 -0200
Processing by EmailsController#index as HTML
  [1m[36mEmail Load (1.1ms)[0m  [1m[34mSELECT  `emails`.* FROM `emails` LIMIT 10[0m
  Rendering emails/index.html.erb within layouts/application
  Rendered emails/index.html.erb within layouts/application (0.6ms)
Completed 200 OK in 62ms (Views: 55.7ms | ActiveRecord: 1.1ms)


Started GET "/" for 127.0.0.1 at 2018-01-21 14:20:44 -0200
Processing by EmailsController#index as HTML
  [1m[36mEmail Load (0.5ms)[0m  [1m[34mSELECT  `emails`.* FROM `emails` LIMIT 10[0m
  Rendering emails/index.html.erb within layouts/application
  Rendered emails/index.html.erb within layouts/application (0.8ms)
Completed 200 OK in 22ms (Views: 18.8ms | ActiveRecord: 0.5ms)


Started GET "/" for 127.0.0.1 at 2018-01-21 14:23:12 -0200
Processing by EmailsController#index as HTML
  [1m[36mEmail Load (0.5ms)[0m  [1m[34mSELECT  `emails`.* FROM `emails` LIMIT 10[0m
  Rendering emails/index.html.erb within layouts/application
  Rendered emails/index.html.erb within layouts/application (3.0ms)
Completed 200 OK in 71ms (Views: 39.3ms | ActiveRecord: 0.5ms)


Started GET "/" for 127.0.0.1 at 2018-01-21 14:27:15 -0200
Processing by EmailsController#index as HTML
  [1m[36mEmail Load (1.1ms)[0m  [1m[34mSELECT  `emails`.* FROM `emails` LIMIT 10[0m
  Rendering emails/index.html.erb within layouts/application
  Rendered emails/index.html.erb within layouts/application (0.8ms)
Completed 200 OK in 72ms (Views: 67.2ms | ActiveRecord: 1.1ms)


Started GET "/" for 127.0.0.1 at 2018-01-21 14:27:25 -0200
Processing by EmailsController#index as HTML
  [1m[36mEmail Load (0.6ms)[0m  [1m[34mSELECT  `emails`.* FROM `emails` LIMIT 10[0m
  Rendering emails/index.html.erb within layouts/application
  Rendered emails/index.html.erb within layouts/application (0.9ms)
Completed 200 OK in 75ms (Views: 67.5ms | ActiveRecord: 0.6ms)


Started GET "/" for 127.0.0.1 at 2018-01-21 14:27:31 -0200
Processing by EmailsController#index as HTML
  [1m[36mEmail Load (0.5ms)[0m  [1m[34mSELECT  `emails`.* FROM `emails` LIMIT 10[0m
  Rendering emails/index.html.erb within layouts/application
  Rendered emails/index.html.erb within layouts/application (1.9ms)
Completed 200 OK in 48ms (Views: 45.2ms | ActiveRecord: 0.5ms)


Started GET "/" for 127.0.0.1 at 2018-01-21 14:27:38 -0200
Processing by EmailsController#index as HTML
  [1m[36mEmail Load (0.5ms)[0m  [1m[34mSELECT  `emails`.* FROM `emails` LIMIT 10[0m
  Rendering emails/index.html.erb within layouts/application
  Rendered emails/index.html.erb within layouts/application (0.8ms)
Completed 200 OK in 35ms (Views: 31.6ms | ActiveRecord: 0.5ms)


Started GET "/" for 127.0.0.1 at 2018-01-21 14:27:47 -0200
Processing by EmailsController#index as HTML
  [1m[36mEmail Load (0.5ms)[0m  [1m[34mSELECT  `emails`.* FROM `emails` LIMIT 10[0m
  Rendering emails/index.html.erb within layouts/application
  Rendered emails/index.html.erb within layouts/application (0.9ms)
Completed 200 OK in 69ms (Views: 64.9ms | ActiveRecord: 0.5ms)


Started GET "/" for 127.0.0.1 at 2018-01-21 14:30:09 -0200
Processing by CrawlerController#index as HTML
  [1m[36mEmail Load (0.7ms)[0m  [1m[34mSELECT  `emails`.* FROM `emails` LIMIT 10[0m
  Rendering crawler/index.html.erb within layouts/application
  Rendered crawler/index.html.erb within layouts/application (1.2ms)
Completed 200 OK in 86ms (Views: 33.4ms | ActiveRecord: 20.9ms)


Started GET "/" for 127.0.0.1 at 2018-01-21 14:35:10 -0200
Processing by CrawlerController#index as HTML
  [1m[36mEmail Load (1.1ms)[0m  [1m[34mSELECT  `emails`.* FROM `emails` LIMIT 10[0m
  Rendering crawler/index.html.erb within layouts/application
  Rendered crawler/index.html.erb within layouts/application (6.0ms)
Completed 500 Internal Server Error in 30ms (ActiveRecord: 3.4ms)


  
SyntaxError (/home/victor/Projetos/Bemovin/crawler-b/app/new_crawler_b/app/views/crawler/index.html.erb:3: syntax error, unexpected '='
to "iniciar", :crawler, class="btn-menu btn btn-danger btn-n
                              ^):
  
app/views/crawler/index.html.erb:3: syntax error, unexpected '='
Started GET "/" for 127.0.0.1 at 2018-01-21 14:35:27 -0200
Processing by CrawlerController#index as HTML
  [1m[36mEmail Load (0.5ms)[0m  [1m[34mSELECT  `emails`.* FROM `emails` LIMIT 10[0m
  Rendering crawler/index.html.erb within layouts/application
  Rendered crawler/index.html.erb within layouts/application (4.0ms)
Completed 500 Internal Server Error in 15ms (ActiveRecord: 0.5ms)


  
SyntaxError (/home/victor/Projetos/Bemovin/crawler-b/app/new_crawler_b/app/views/crawler/index.html.erb:3: syntax error, unexpected '='
to "iniciar", :crawler, class="btn-menu btn btn-danger btn-n
                              ^):
  
app/views/crawler/index.html.erb:3: syntax error, unexpected '='
Started GET "/" for 127.0.0.1 at 2018-01-21 14:35:42 -0200
Processing by CrawlerController#index as HTML
  [1m[36mEmail Load (0.5ms)[0m  [1m[34mSELECT  `emails`.* FROM `emails` LIMIT 10[0m
  Rendering crawler/index.html.erb within layouts/application
  Rendered crawler/index.html.erb within layouts/application (1.2ms)
Completed 500 Internal Server Error in 11ms (ActiveRecord: 0.5ms)


  
SyntaxError (/home/victor/Projetos/Bemovin/crawler-b/app/new_crawler_b/app/views/crawler/index.html.erb:3: syntax error, unexpected '='
 = "iniciar", :crawler, class="btn-menu btn btn-danger btn-n
                              ^):
  
app/views/crawler/index.html.erb:3: syntax error, unexpected '='
Started GET "/" for 127.0.0.1 at 2018-01-21 14:36:31 -0200
Processing by CrawlerController#index as HTML
  [1m[36mEmail Load (0.5ms)[0m  [1m[34mSELECT  `emails`.* FROM `emails` LIMIT 10[0m
  Rendering crawler/index.html.erb within layouts/application
  Rendered crawler/index.html.erb within layouts/application (4.1ms)
Completed 500 Internal Server Error in 14ms (ActiveRecord: 0.5ms)


  
ActionView::Template::Error (Missing partial emails/_index with {:locale=>[:en], :formats=>[:html], :variants=>[], :handlers=>[:raw, :erb, :html, :builder, :ruby, :coffee, :jbuilder]}. Searched in:
  * "/home/victor/Projetos/Bemovin/crawler-b/app/new_crawler_b/app/views"
):
    2: 
    3: <%= link_to "iniciar", :crawler, class: "btn-menu btn btn-danger btn-no-shadow" %>
    4: 
    5: <%= render 'emails/index' %>
  
app/views/crawler/index.html.erb:5:in `_app_views_crawler_index_html_erb___894681530__1032403438'
Started GET "/" for 127.0.0.1 at 2018-01-21 14:37:30 -0200
Processing by CrawlerController#index as HTML
  [1m[36mEmail Load (0.6ms)[0m  [1m[34mSELECT  `emails`.* FROM `emails` LIMIT 10[0m
  Rendering crawler/index.html.erb within layouts/application
  Rendered emails/_index.html.erb (10.8ms)
  Rendered crawler/index.html.erb within layouts/application (15.6ms)
Completed 200 OK in 74ms (Views: 65.5ms | ActiveRecord: 0.6ms)


Started GET "/crawler/index" for 127.0.0.1 at 2018-01-21 14:37:34 -0200
Processing by CrawlerController#index as HTML
  [1m[36mEmail Load (0.5ms)[0m  [1m[34mSELECT  `emails`.* FROM `emails` LIMIT 10[0m
  Rendering crawler/index.html.erb within layouts/application
  Rendered emails/_index.html.erb (0.9ms)
  Rendered crawler/index.html.erb within layouts/application (6.3ms)
Completed 200 OK in 39ms (Views: 34.0ms | ActiveRecord: 0.5ms)


Started GET "/crawler/index" for 127.0.0.1 at 2018-01-21 14:37:36 -0200
Processing by CrawlerController#index as HTML
  [1m[36mEmail Load (0.4ms)[0m  [1m[34mSELECT  `emails`.* FROM `emails` LIMIT 10[0m
  Rendering crawler/index.html.erb within layouts/application
  Rendered emails/_index.html.erb (4.8ms)
  Rendered crawler/index.html.erb within layouts/application (8.3ms)
Completed 200 OK in 49ms (Views: 43.1ms | ActiveRecord: 0.4ms)


Started GET "/crawler/index" for 127.0.0.1 at 2018-01-21 14:37:38 -0200
Processing by CrawlerController#index as HTML
  [1m[36mEmail Load (6.3ms)[0m  [1m[34mSELECT  `emails`.* FROM `emails` LIMIT 10[0m
  Rendering crawler/index.html.erb within layouts/application
  Rendered emails/_index.html.erb (0.8ms)
  Rendered crawler/index.html.erb within layouts/application (5.5ms)
Completed 200 OK in 44ms (Views: 27.9ms | ActiveRecord: 6.3ms)


Started GET "/crawler/index" for 127.0.0.1 at 2018-01-21 14:38:49 -0200
Processing by CrawlerController#index as HTML
  [1m[36mEmail Load (1.4ms)[0m  [1m[34mSELECT  `emails`.* FROM `emails` LIMIT 10[0m
  Rendering crawler/index.html.erb within layouts/application
  Rendered emails/_index.html.erb (2.8ms)
  Rendered crawler/index.html.erb within layouts/application (9.2ms)
Completed 200 OK in 53ms (Views: 48.3ms | ActiveRecord: 1.4ms)


Started GET "/crawler/index" for 127.0.0.1 at 2018-01-21 14:39:39 -0200
Processing by CrawlerController#index as HTML
  [1m[36mEmail Load (0.5ms)[0m  [1m[34mSELECT  `emails`.* FROM `emails` LIMIT 10[0m
  Rendering crawler/index.html.erb within layouts/application
  Rendered emails/_index.html.erb (0.9ms)
  Rendered crawler/index.html.erb within layouts/application (9.9ms)
Completed 200 OK in 63ms (Views: 51.6ms | ActiveRecord: 0.5ms)


Started GET "/crawler/index" for 127.0.0.1 at 2018-01-21 14:40:05 -0200
Processing by CrawlerController#index as HTML
  [1m[36mEmail Load (0.8ms)[0m  [1m[34mSELECT  `emails`.* FROM `emails` LIMIT 10[0m
  Rendering crawler/index.html.erb within layouts/application
  Rendered emails/_index.html.erb (2.2ms)
  Rendered crawler/index.html.erb within layouts/application (6.9ms)
Completed 200 OK in 73ms (Views: 66.4ms | ActiveRecord: 0.8ms)


Started GET "/crawler/index" for 127.0.0.1 at 2018-01-21 14:40:43 -0200
Processing by CrawlerController#index as HTML
  [1m[36mEmail Load (0.5ms)[0m  [1m[34mSELECT  `emails`.* FROM `emails` LIMIT 10[0m
  Rendering crawler/index.html.erb within layouts/application
  Rendered emails/_index.html.erb (0.8ms)
  Rendered crawler/index.html.erb within layouts/application (3.0ms)
Completed 200 OK in 62ms (Views: 57.9ms | ActiveRecord: 0.5ms)


Started GET "/crawler/index" for 127.0.0.1 at 2018-01-21 14:40:45 -0200
Processing by CrawlerController#index as HTML
  [1m[36mEmail Load (0.6ms)[0m  [1m[34mSELECT  `emails`.* FROM `emails` LIMIT 10[0m
  Rendering crawler/index.html.erb within layouts/application
  Rendered emails/_index.html.erb (0.8ms)
  Rendered crawler/index.html.erb within layouts/application (2.8ms)
Completed 200 OK in 25ms (Views: 21.8ms | ActiveRecord: 0.6ms)


Started GET "/crawler/index" for 127.0.0.1 at 2018-01-21 14:40:46 -0200
Processing by CrawlerController#index as HTML
  [1m[36mEmail Load (0.6ms)[0m  [1m[34mSELECT  `emails`.* FROM `emails` LIMIT 10[0m
  Rendering crawler/index.html.erb within layouts/application
  Rendered emails/_index.html.erb (0.8ms)
  Rendered crawler/index.html.erb within layouts/application (2.7ms)
Completed 200 OK in 41ms (Views: 37.1ms | ActiveRecord: 0.6ms)


Started GET "/crawler/index" for 127.0.0.1 at 2018-01-21 14:40:49 -0200
Processing by CrawlerController#index as HTML
  [1m[36mEmail Load (0.4ms)[0m  [1m[34mSELECT  `emails`.* FROM `emails` LIMIT 10[0m
  Rendering crawler/index.html.erb within layouts/application
  Rendered emails/_index.html.erb (0.7ms)
  Rendered crawler/index.html.erb within layouts/application (2.7ms)
Completed 200 OK in 31ms (Views: 26.8ms | ActiveRecord: 0.4ms)


Started GET "/crawler/index" for 127.0.0.1 at 2018-01-21 14:40:58 -0200
Processing by CrawlerController#index as HTML
  [1m[36mEmail Load (0.7ms)[0m  [1m[34mSELECT  `emails`.* FROM `emails` LIMIT 10[0m
  Rendering crawler/index.html.erb within layouts/application
  Rendered emails/_index.html.erb (0.6ms)
  Rendered crawler/index.html.erb within layouts/application (5.3ms)
Completed 200 OK in 61ms (Views: 56.2ms | ActiveRecord: 0.7ms)


Started GET "/crawler/index" for 127.0.0.1 at 2018-01-21 14:41:00 -0200
Processing by CrawlerController#index as HTML
  [1m[36mEmail Load (0.7ms)[0m  [1m[34mSELECT  `emails`.* FROM `emails` LIMIT 10[0m
  Rendering crawler/index.html.erb within layouts/application
  Rendered emails/_index.html.erb (1.5ms)
  Rendered crawler/index.html.erb within layouts/application (3.6ms)
Completed 200 OK in 47ms (Views: 35.6ms | ActiveRecord: 0.7ms)


Started GET "/crawler/index" for 127.0.0.1 at 2018-01-21 14:43:59 -0200
Processing by CrawlerController#index as HTML
  [1m[36mEmail Load (0.8ms)[0m  [1m[34mSELECT  `emails`.* FROM `emails` LIMIT 10[0m
  Rendering crawler/index.html.erb within layouts/application
  Rendered emails/_index.html.erb (1.9ms)
  Rendered crawler/index.html.erb within layouts/application (6.4ms)
Completed 200 OK in 47ms (Views: 37.4ms | ActiveRecord: 0.8ms)


Started GET "/crawler/index" for 127.0.0.1 at 2018-01-21 14:44:02 -0200
Processing by CrawlerController#index as HTML
  [1m[36mEmail Load (1.6ms)[0m  [1m[34mSELECT  `emails`.* FROM `emails` LIMIT 10[0m
  Rendering crawler/index.html.erb within layouts/application
  Rendered emails/_index.html.erb (1.7ms)
  Rendered crawler/index.html.erb within layouts/application (7.1ms)
Completed 200 OK in 44ms (Views: 35.5ms | ActiveRecord: 1.6ms)


Started GET "/crawler/index" for 127.0.0.1 at 2018-01-21 14:44:34 -0200
Processing by CrawlerController#index as HTML
  [1m[36mEmail Load (2.0ms)[0m  [1m[34mSELECT  `emails`.* FROM `emails` LIMIT 10[0m
  Rendering crawler/index.html.erb within layouts/application
  Rendered emails/_index.html.erb (0.7ms)
  Rendered crawler/index.html.erb within layouts/application (3.4ms)
Completed 200 OK in 34ms (Views: 26.5ms | ActiveRecord: 2.0ms)


Started GET "/crawler/index" for 127.0.0.1 at 2018-01-21 14:46:06 -0200
Processing by CrawlerController#index as HTML
  [1m[36mEmail Load (0.5ms)[0m  [1m[34mSELECT  `emails`.* FROM `emails` LIMIT 10[0m
  Rendering crawler/index.html.erb within layouts/application
  Rendered emails/_index.html.erb (1.1ms)
  Rendered crawler/index.html.erb within layouts/application (8.9ms)
Completed 200 OK in 63ms (Views: 60.3ms | ActiveRecord: 0.5ms)


Started POST "/crawler/index" for 127.0.0.1 at 2018-01-21 14:46:08 -0200
  
ActionController::RoutingError (No route matches [POST] "/crawler/index"):
  
actionpack (5.1.4) lib/action_dispatch/middleware/debug_exceptions.rb:63:in `call'
web-console (3.5.1) lib/web_console/middleware.rb:135:in `call_app'
web-console (3.5.1) lib/web_console/middleware.rb:28:in `block in call'
web-console (3.5.1) lib/web_console/middleware.rb:18:in `catch'
web-console (3.5.1) lib/web_console/middleware.rb:18:in `call'
actionpack (5.1.4) lib/action_dispatch/middleware/show_exceptions.rb:31:in `call'
railties (5.1.4) lib/rails/rack/logger.rb:36:in `call_app'
railties (5.1.4) lib/rails/rack/logger.rb:24:in `block in call'
activesupport (5.1.4) lib/active_support/tagged_logging.rb:69:in `block in tagged'
activesupport (5.1.4) lib/active_support/tagged_logging.rb:26:in `tagged'
activesupport (5.1.4) lib/active_support/tagged_logging.rb:69:in `tagged'
railties (5.1.4) lib/rails/rack/logger.rb:24:in `call'
sprockets-rails (3.2.1) lib/sprockets/rails/quiet_assets.rb:13:in `call'
actionpack (5.1.4) lib/action_dispatch/middleware/remote_ip.rb:79:in `call'
actionpack (5.1.4) lib/action_dispatch/middleware/request_id.rb:25:in `call'
rack (2.0.3) lib/rack/method_override.rb:22:in `call'
rack (2.0.3) lib/rack/runtime.rb:22:in `call'
activesupport (5.1.4) lib/active_support/cache/strategy/local_cache_middleware.rb:27:in `call'
actionpack (5.1.4) lib/action_dispatch/middleware/executor.rb:12:in `call'
actionpack (5.1.4) lib/action_dispatch/middleware/static.rb:125:in `call'
rack (2.0.3) lib/rack/sendfile.rb:111:in `call'
railties (5.1.4) lib/rails/engine.rb:522:in `call'
puma (3.11.0) lib/puma/configuration.rb:225:in `call'
puma (3.11.0) lib/puma/server.rb:624:in `handle_request'
puma (3.11.0) lib/puma/server.rb:438:in `process_client'
puma (3.11.0) lib/puma/server.rb:302:in `block in run'
puma (3.11.0) lib/puma/thread_pool.rb:120:in `block in spawn_thread'
Started POST "/crawler/index" for 127.0.0.1 at 2018-01-21 14:46:53 -0200
  
ActionController::RoutingError (No route matches [POST] "/crawler/index"):
  
actionpack (5.1.4) lib/action_dispatch/middleware/debug_exceptions.rb:63:in `call'
web-console (3.5.1) lib/web_console/middleware.rb:135:in `call_app'
web-console (3.5.1) lib/web_console/middleware.rb:28:in `block in call'
web-console (3.5.1) lib/web_console/middleware.rb:18:in `catch'
web-console (3.5.1) lib/web_console/middleware.rb:18:in `call'
actionpack (5.1.4) lib/action_dispatch/middleware/show_exceptions.rb:31:in `call'
railties (5.1.4) lib/rails/rack/logger.rb:36:in `call_app'
railties (5.1.4) lib/rails/rack/logger.rb:24:in `block in call'
activesupport (5.1.4) lib/active_support/tagged_logging.rb:69:in `block in tagged'
activesupport (5.1.4) lib/active_support/tagged_logging.rb:26:in `tagged'
activesupport (5.1.4) lib/active_support/tagged_logging.rb:69:in `tagged'
railties (5.1.4) lib/rails/rack/logger.rb:24:in `call'
sprockets-rails (3.2.1) lib/sprockets/rails/quiet_assets.rb:13:in `call'
actionpack (5.1.4) lib/action_dispatch/middleware/remote_ip.rb:79:in `call'
actionpack (5.1.4) lib/action_dispatch/middleware/request_id.rb:25:in `call'
rack (2.0.3) lib/rack/method_override.rb:22:in `call'
rack (2.0.3) lib/rack/runtime.rb:22:in `call'
activesupport (5.1.4) lib/active_support/cache/strategy/local_cache_middleware.rb:27:in `call'
actionpack (5.1.4) lib/action_dispatch/middleware/executor.rb:12:in `call'
actionpack (5.1.4) lib/action_dispatch/middleware/static.rb:125:in `call'
rack (2.0.3) lib/rack/sendfile.rb:111:in `call'
railties (5.1.4) lib/rails/engine.rb:522:in `call'
puma (3.11.0) lib/puma/configuration.rb:225:in `call'
puma (3.11.0) lib/puma/server.rb:624:in `handle_request'
puma (3.11.0) lib/puma/server.rb:438:in `process_client'
puma (3.11.0) lib/puma/server.rb:302:in `block in run'
puma (3.11.0) lib/puma/thread_pool.rb:120:in `block in spawn_thread'
Started GET "/" for 127.0.0.1 at 2018-01-21 14:46:57 -0200
Processing by CrawlerController#index as HTML
  [1m[36mEmail Load (0.6ms)[0m  [1m[34mSELECT  `emails`.* FROM `emails` LIMIT 10[0m
  Rendering crawler/index.html.erb within layouts/application
  Rendered emails/_index.html.erb (0.7ms)
  Rendered crawler/index.html.erb within layouts/application (11.3ms)
Completed 200 OK in 65ms (Views: 59.8ms | ActiveRecord: 0.6ms)


Started GET "/crawler/index" for 127.0.0.1 at 2018-01-21 14:46:59 -0200
Processing by CrawlerController#index as HTML
  [1m[36mEmail Load (0.9ms)[0m  [1m[34mSELECT  `emails`.* FROM `emails` LIMIT 10[0m
  Rendering crawler/index.html.erb within layouts/application
  Rendered emails/_index.html.erb (2.4ms)
  Rendered crawler/index.html.erb within layouts/application (4.6ms)
Completed 200 OK in 39ms (Views: 26.6ms | ActiveRecord: 0.9ms)


Started GET "/crawler/index" for 127.0.0.1 at 2018-01-21 14:50:17 -0200
Processing by CrawlerController#index as HTML
  [1m[36mEmail Load (0.5ms)[0m  [1m[34mSELECT  `emails`.* FROM `emails` LIMIT 10[0m
  Rendering crawler/index.html.erb within layouts/application
  Rendered emails/_index.html.erb (0.7ms)
  Rendered crawler/index.html.erb within layouts/application (3.9ms)
Completed 200 OK in 189ms (Views: 183.0ms | ActiveRecord: 0.5ms)


Started GET "/crawler/index" for 127.0.0.1 at 2018-01-21 14:50:19 -0200
Processing by CrawlerController#index as HTML
  [1m[36mEmail Load (4.8ms)[0m  [1m[34mSELECT  `emails`.* FROM `emails` LIMIT 10[0m
  Rendering crawler/index.html.erb within layouts/application
  Rendered emails/_index.html.erb (0.7ms)
  Rendered crawler/index.html.erb within layouts/application (3.0ms)
Completed 200 OK in 38ms (Views: 27.4ms | ActiveRecord: 4.8ms)


Started GET "/crawler/index" for 127.0.0.1 at 2018-01-21 14:52:34 -0200
Processing by CrawlerController#index as HTML
  [1m[36mEmail Load (2.7ms)[0m  [1m[34mSELECT  `emails`.* FROM `emails` LIMIT 10[0m
  Rendering crawler/index.html.erb within layouts/application
  Rendered emails/_index.html.erb (4.5ms)
  Rendered crawler/index.html.erb within layouts/application (22.1ms)
Completed 200 OK in 136ms (Views: 124.3ms | ActiveRecord: 2.7ms)


Started GET "/crawler/index" for 127.0.0.1 at 2018-01-21 14:52:37 -0200
Processing by CrawlerController#index as HTML
  [1m[36mEmail Load (1.0ms)[0m  [1m[34mSELECT  `emails`.* FROM `emails` LIMIT 10[0m
  Rendering crawler/index.html.erb within layouts/application
  Rendered emails/_index.html.erb (0.7ms)
  Rendered crawler/index.html.erb within layouts/application (8.3ms)
Completed 200 OK in 67ms (Views: 62.1ms | ActiveRecord: 1.0ms)


Started GET "/crawler/index" for 127.0.0.1 at 2018-01-21 14:53:51 -0200
Processing by CrawlerController#index as HTML
  [1m[36mEmail Load (0.5ms)[0m  [1m[34mSELECT  `emails`.* FROM `emails` LIMIT 10[0m
  Rendering crawler/index.html.erb within layouts/application
  Rendered emails/_index.html.erb (0.7ms)
  Rendered crawler/index.html.erb within layouts/application (9.7ms)
Completed 200 OK in 92ms (Views: 80.8ms | ActiveRecord: 0.5ms)


Started GET "/crawler/index" for 127.0.0.1 at 2018-01-21 14:53:54 -0200
Processing by CrawlerController#index as HTML
  [1m[36mEmail Load (1.1ms)[0m  [1m[34mSELECT  `emails`.* FROM `emails` LIMIT 10[0m
  Rendering crawler/index.html.erb within layouts/application
  Rendered emails/_index.html.erb (2.2ms)
  Rendered crawler/index.html.erb within layouts/application (8.0ms)
Completed 200 OK in 69ms (Views: 65.8ms | ActiveRecord: 1.1ms)


Started GET "/crawler/index" for 127.0.0.1 at 2018-01-21 14:54:36 -0200
Processing by CrawlerController#index as HTML
  [1m[36mEmail Load (0.5ms)[0m  [1m[34mSELECT  `emails`.* FROM `emails` LIMIT 10[0m
  Rendering crawler/index.html.erb within layouts/application
  Rendered emails/_index.html.erb (1.2ms)
  Rendered crawler/index.html.erb within layouts/application (7.8ms)
Completed 200 OK in 48ms (Views: 44.8ms | ActiveRecord: 0.5ms)


Started GET "/crawler/index" for 127.0.0.1 at 2018-01-21 14:55:10 -0200
Processing by CrawlerController#index as HTML
  [1m[36mEmail Load (0.6ms)[0m  [1m[34mSELECT  `emails`.* FROM `emails` LIMIT 10[0m
  Rendering crawler/index.html.erb within layouts/application
  Rendered emails/_index.html.erb (2.9ms)
  Rendered crawler/index.html.erb within layouts/application (11.5ms)
Completed 200 OK in 140ms (Views: 131.0ms | ActiveRecord: 0.6ms)


Started GET "/crawler/index" for 127.0.0.1 at 2018-01-21 14:55:12 -0200
Processing by CrawlerController#index as HTML
  [1m[36mEmail Load (3.8ms)[0m  [1m[34mSELECT  `emails`.* FROM `emails` LIMIT 10[0m
  Rendering crawler/index.html.erb within layouts/application
  Rendered emails/_index.html.erb (2.1ms)
  Rendered crawler/index.html.erb within layouts/application (9.8ms)
Completed 200 OK in 48ms (Views: 35.8ms | ActiveRecord: 3.8ms)


Started GET "/crawler/index" for 127.0.0.1 at 2018-01-21 14:56:17 -0200
Processing by CrawlerController#index as HTML
  [1m[36mEmail Load (1.0ms)[0m  [1m[34mSELECT  `emails`.* FROM `emails` LIMIT 10[0m
  Rendering crawler/index.html.erb within layouts/application
  Rendered emails/_index.html.erb (0.7ms)
  Rendered crawler/index.html.erb within layouts/application (3.0ms)
Completed 200 OK in 40ms (Views: 32.8ms | ActiveRecord: 1.0ms)


Started GET "/crawler/index" for 127.0.0.1 at 2018-01-21 14:57:53 -0200
Processing by CrawlerController#index as HTML
  [1m[36mEmail Load (1.2ms)[0m  [1m[34mSELECT  `emails`.* FROM `emails` LIMIT 10[0m
  Rendering crawler/index.html.erb within layouts/application
  Rendered emails/_index.html.erb (0.9ms)
  Rendered crawler/index.html.erb within layouts/application (3.7ms)
Completed 200 OK in 111ms (Views: 102.2ms | ActiveRecord: 1.2ms)


Started GET "/crawler/index" for 127.0.0.1 at 2018-01-21 14:57:56 -0200
Processing by CrawlerController#index as HTML
  [1m[36mEmail Load (0.6ms)[0m  [1m[34mSELECT  `emails`.* FROM `emails` LIMIT 10[0m
  Rendering crawler/index.html.erb within layouts/application
  Rendered emails/_index.html.erb (1.4ms)
  Rendered crawler/index.html.erb within layouts/application (14.5ms)
Completed 200 OK in 70ms (Views: 62.7ms | ActiveRecord: 0.6ms)


Started GET "/" for 127.0.0.1 at 2018-01-21 14:59:47 -0200
Processing by CrawlerController#index as HTML
  [1m[36mEmail Load (0.5ms)[0m  [1m[34mSELECT  `emails`.* FROM `emails` LIMIT 10[0m
  Rendering crawler/index.html.erb within layouts/application
  Rendered emails/_index.html.erb (0.8ms)
  Rendered crawler/index.html.erb within layouts/application (7.5ms)
Completed 200 OK in 52ms (Views: 47.1ms | ActiveRecord: 0.5ms)


Started GET "/crawler/index" for 127.0.0.1 at 2018-01-21 14:59:49 -0200
Processing by CrawlerController#index as HTML
  [1m[36mEmail Load (0.5ms)[0m  [1m[34mSELECT  `emails`.* FROM `emails` LIMIT 10[0m
  Rendering crawler/index.html.erb within layouts/application
  Rendered emails/_index.html.erb (0.9ms)
  Rendered crawler/index.html.erb within layouts/application (9.5ms)
Completed 200 OK in 41ms (Views: 35.4ms | ActiveRecord: 0.5ms)


Started GET "/" for 127.0.0.1 at 2018-01-21 15:14:20 -0200
  [1m[35m (39.4ms)[0m  [1m[35mSET NAMES utf8,  @@SESSION.sql_mode = CONCAT(CONCAT(@@sql_mode, ',STRICT_ALL_TABLES'), ',NO_AUTO_VALUE_ON_ZERO'),  @@SESSION.sql_auto_is_null = 0, @@SESSION.wait_timeout = 2147483[0m
  [1m[35m (0.5ms)[0m  [1m[34mSELECT `schema_migrations`.`version` FROM `schema_migrations` ORDER BY `schema_migrations`.`version` ASC[0m
Processing by CrawlerController#index as HTML
  [1m[36mEmail Load (0.8ms)[0m  [1m[34mSELECT  `emails`.* FROM `emails` LIMIT 10[0m
  Rendering crawler/index.html.erb within layouts/application
  Rendered emails/_index.html.erb (0.8ms)
  Rendered crawler/index.html.erb within layouts/application (7.2ms)
Completed 200 OK in 441ms (Views: 423.2ms | ActiveRecord: 2.7ms)


Started GET "/crawler/index" for 127.0.0.1 at 2018-01-21 15:14:23 -0200
Processing by CrawlerController#index as HTML
  [1m[35m (0.6ms)[0m  [1m[35mSET NAMES utf8,  @@SESSION.sql_mode = CONCAT(CONCAT(@@sql_mode, ',STRICT_ALL_TABLES'), ',NO_AUTO_VALUE_ON_ZERO'),  @@SESSION.sql_auto_is_null = 0, @@SESSION.wait_timeout = 2147483[0m
  [1m[36mEmail Load (0.6ms)[0m  [1m[34mSELECT  `emails`.* FROM `emails` LIMIT 10[0m
  Rendering crawler/index.html.erb within layouts/application
  Rendered emails/_index.html.erb (0.8ms)
  Rendered crawler/index.html.erb within layouts/application (3.7ms)
Completed 200 OK in 34ms (Views: 23.2ms | ActiveRecord: 1.2ms)


Started GET "/crawler/index" for 127.0.0.1 at 2018-01-21 15:14:27 -0200
Processing by CrawlerController#index as HTML
  [1m[36mEmail Load (0.7ms)[0m  [1m[34mSELECT  `emails`.* FROM `emails` LIMIT 10[0m
  Rendering crawler/index.html.erb within layouts/application
  Rendered emails/_index.html.erb (0.8ms)
  Rendered crawler/index.html.erb within layouts/application (2.9ms)
Completed 200 OK in 29ms (Views: 24.5ms | ActiveRecord: 0.7ms)


Started GET "/crawler/index" for 127.0.0.1 at 2018-01-21 15:21:28 -0200
Processing by CrawlerController#index as HTML
  [1m[36mEmail Load (0.6ms)[0m  [1m[34mSELECT  `emails`.* FROM `emails` LIMIT 10[0m
  Rendering crawler/index.html.erb within layouts/application
  Rendered emails/_index.html.erb (0.7ms)
  Rendered crawler/index.html.erb within layouts/application (5.7ms)
Completed 200 OK in 64ms (Views: 55.5ms | ActiveRecord: 0.6ms)


Started GET "/crawler/index" for 127.0.0.1 at 2018-01-21 15:23:46 -0200
Processing by CrawlerController#index as HTML
  [1m[36mEmail Load (2.1ms)[0m  [1m[34mSELECT  `emails`.* FROM `emails` LIMIT 10[0m
  Rendering crawler/index.html.erb within layouts/application
  Rendered emails/_index.html.erb (0.7ms)
  Rendered crawler/index.html.erb within layouts/application (3.4ms)
Completed 200 OK in 42ms (Views: 33.8ms | ActiveRecord: 2.1ms)


Started GET "/crawler/index" for 127.0.0.1 at 2018-01-21 15:25:30 -0200
Processing by CrawlerController#index as HTML
  [1m[36mEmail Load (0.5ms)[0m  [1m[34mSELECT  `emails`.* FROM `emails` LIMIT 10[0m
  Rendering crawler/index.html.erb within layouts/application
  Rendered emails/_index.html.erb (0.9ms)
  Rendered crawler/index.html.erb within layouts/application (6.6ms)
Completed 200 OK in 85ms (Views: 79.8ms | ActiveRecord: 0.5ms)


Started GET "/crawler/index" for 127.0.0.1 at 2018-01-21 15:25:41 -0200
Processing by CrawlerController#index as HTML
  [1m[36mEmail Load (0.5ms)[0m  [1m[34mSELECT  `emails`.* FROM `emails` LIMIT 10[0m
  Rendering crawler/index.html.erb within layouts/application
  Rendered emails/_index.html.erb (0.7ms)
  Rendered crawler/index.html.erb within layouts/application (3.0ms)
Completed 200 OK in 27ms (Views: 23.8ms | ActiveRecord: 0.5ms)


Started GET "/crawler/index" for 127.0.0.1 at 2018-01-21 15:26:31 -0200
Processing by CrawlerController#index as HTML
  [1m[36mEmail Load (0.6ms)[0m  [1m[34mSELECT  `emails`.* FROM `emails` LIMIT 10[0m
  Rendering crawler/index.html.erb within layouts/application
  Rendered emails/_index.html.erb (5.3ms)
  Rendered crawler/index.html.erb within layouts/application (10.2ms)
Completed 200 OK in 36ms (Views: 33.1ms | ActiveRecord: 0.6ms)


Started GET "/crawler/index" for 127.0.0.1 at 2018-01-21 15:26:54 -0200
Processing by CrawlerController#index as HTML
  [1m[36mEmail Load (3.3ms)[0m  [1m[34mSELECT  `emails`.* FROM `emails` LIMIT 10[0m
  Rendering crawler/index.html.erb within layouts/application
  Rendered emails/_index.html.erb (2.7ms)
  Rendered crawler/index.html.erb within layouts/application (12.4ms)
Completed 200 OK in 75ms (Views: 62.6ms | ActiveRecord: 3.3ms)


Started GET "/crawler/index" for 127.0.0.1 at 2018-01-21 15:27:34 -0200
Processing by CrawlerController#index as HTML
  [1m[36mEmail Load (0.5ms)[0m  [1m[34mSELECT  `emails`.* FROM `emails` LIMIT 10[0m
  Rendering crawler/index.html.erb within layouts/application
  Rendered emails/_index.html.erb (0.7ms)
  Rendered crawler/index.html.erb within layouts/application (12.9ms)
Completed 200 OK in 79ms (Views: 75.5ms | ActiveRecord: 0.5ms)


Started GET "/crawler/index" for 127.0.0.1 at 2018-01-21 15:27:54 -0200
Processing by CrawlerController#index as HTML
  [1m[36mEmail Load (0.5ms)[0m  [1m[34mSELECT  `emails`.* FROM `emails` LIMIT 10[0m
  Rendering crawler/index.html.erb within layouts/application
  Rendered emails/_index.html.erb (0.8ms)
  Rendered crawler/index.html.erb within layouts/application (11.1ms)
Completed 200 OK in 41ms (Views: 37.9ms | ActiveRecord: 0.5ms)


Started GET "/crawler/index" for 127.0.0.1 at 2018-01-21 15:29:52 -0200
Processing by CrawlerController#index as HTML
  [1m[36mEmail Load (0.6ms)[0m  [1m[34mSELECT  `emails`.* FROM `emails` LIMIT 10[0m
  Rendering crawler/index.html.erb within layouts/application
  Rendered emails/_index.html.erb (0.8ms)
  Rendered crawler/index.html.erb within layouts/application (6.7ms)
Completed 200 OK in 110ms (Views: 103.5ms | ActiveRecord: 0.6ms)


Started GET "/crawler/index" for 127.0.0.1 at 2018-01-21 15:30:14 -0200
Processing by CrawlerController#index as HTML
  [1m[36mEmail Load (1.6ms)[0m  [1m[34mSELECT  `emails`.* FROM `emails` LIMIT 10[0m
  Rendering crawler/index.html.erb within layouts/application
  Rendered emails/_index.html.erb (0.8ms)
  Rendered crawler/index.html.erb within layouts/application (8.4ms)
Completed 200 OK in 71ms (Views: 57.1ms | ActiveRecord: 1.6ms)


Started GET "/crawler/index" for 127.0.0.1 at 2018-01-21 15:32:11 -0200
Processing by CrawlerController#index as HTML
  [1m[36mEmail Load (0.5ms)[0m  [1m[34mSELECT  `emails`.* FROM `emails` LIMIT 10[0m
  Rendering crawler/index.html.erb within layouts/application
  Rendered emails/_index.html.erb (3.9ms)
  Rendered crawler/index.html.erb within layouts/application (8.5ms)
Completed 200 OK in 120ms (Views: 114.0ms | ActiveRecord: 0.5ms)


Started GET "/crawler/index" for 127.0.0.1 at 2018-01-21 15:32:17 -0200
Processing by CrawlerController#index as HTML
  [1m[36mEmail Load (1.6ms)[0m  [1m[34mSELECT  `emails`.* FROM `emails` LIMIT 10[0m
  Rendering crawler/index.html.erb within layouts/application
  Rendered emails/_index.html.erb (0.8ms)
  Rendered crawler/index.html.erb within layouts/application (5.3ms)
Completed 200 OK in 99ms (Views: 90.8ms | ActiveRecord: 1.6ms)


Started GET "/crawler/index" for 127.0.0.1 at 2018-01-21 15:32:24 -0200
Processing by CrawlerController#index as HTML
  [1m[36mEmail Load (2.0ms)[0m  [1m[34mSELECT  `emails`.* FROM `emails` LIMIT 10[0m
  Rendering crawler/index.html.erb within layouts/application
  Rendered emails/_index.html.erb (0.8ms)
  Rendered crawler/index.html.erb within layouts/application (3.4ms)
Completed 200 OK in 124ms (Views: 112.1ms | ActiveRecord: 2.0ms)


Started GET "/crawler/index" for 127.0.0.1 at 2018-01-21 15:33:06 -0200
Processing by CrawlerController#index as HTML
  [1m[36mEmail Load (0.6ms)[0m  [1m[34mSELECT  `emails`.* FROM `emails` LIMIT 10[0m
  Rendering crawler/index.html.erb within layouts/application
  Rendered emails/_index.html.erb (0.7ms)
  Rendered crawler/index.html.erb within layouts/application (4.0ms)
Completed 200 OK in 106ms (Views: 102.1ms | ActiveRecord: 0.6ms)


Started GET "/crawler/index" for 127.0.0.1 at 2018-01-21 15:36:45 -0200
Processing by CrawlerController#index as HTML
  [1m[36mEmail Load (2.5ms)[0m  [1m[34mSELECT  `emails`.* FROM `emails` LIMIT 10[0m
  Rendering crawler/index.html.erb within layouts/application
  Rendered emails/_index.html.erb (2.6ms)
  Rendered crawler/index.html.erb within layouts/application (5.1ms)
Completed 200 OK in 76ms (Views: 60.7ms | ActiveRecord: 2.5ms)


Started GET "/crawler/index" for 127.0.0.1 at 2018-01-21 15:37:37 -0200
Processing by CrawlerController#index as HTML
  [1m[36mEmail Load (0.5ms)[0m  [1m[34mSELECT  `emails`.* FROM `emails` LIMIT 10[0m
  Rendering crawler/index.html.erb within layouts/application
  Rendered emails/_index.html.erb (7.1ms)
  Rendered crawler/index.html.erb within layouts/application (13.8ms)
Completed 200 OK in 70ms (Views: 62.3ms | ActiveRecord: 0.5ms)


Started GET "/crawler/index" for 127.0.0.1 at 2018-01-21 15:38:22 -0200
Processing by CrawlerController#index as HTML
  [1m[36mEmail Load (0.7ms)[0m  [1m[34mSELECT  `emails`.* FROM `emails` LIMIT 10[0m
  Rendering crawler/index.html.erb within layouts/application
  Rendered emails/_index.html.erb (0.9ms)
  Rendered crawler/index.html.erb within layouts/application (3.6ms)
Completed 200 OK in 40ms (Views: 32.5ms | ActiveRecord: 0.7ms)


Started GET "/crawler/index" for 127.0.0.1 at 2018-01-21 15:38:31 -0200
Processing by CrawlerController#index as HTML
  [1m[36mEmail Load (0.6ms)[0m  [1m[34mSELECT  `emails`.* FROM `emails` LIMIT 10[0m
  Rendering crawler/index.html.erb within layouts/application
  Rendered emails/_index.html.erb (0.8ms)
  Rendered crawler/index.html.erb within layouts/application (14.0ms)
Completed 200 OK in 93ms (Views: 89.4ms | ActiveRecord: 0.6ms)


Started GET "/crawler/index" for 127.0.0.1 at 2018-01-21 15:38:41 -0200
Processing by CrawlerController#index as HTML
  [1m[36mEmail Load (0.5ms)[0m  [1m[34mSELECT  `emails`.* FROM `emails` LIMIT 10[0m
  Rendering crawler/index.html.erb within layouts/application
  Rendered emails/_index.html.erb (0.8ms)
  Rendered crawler/index.html.erb within layouts/application (6.9ms)
Completed 200 OK in 66ms (Views: 55.9ms | ActiveRecord: 0.5ms)


Started GET "/crawler/index" for 127.0.0.1 at 2018-01-21 15:38:51 -0200
Processing by CrawlerController#index as HTML
  [1m[36mEmail Load (0.8ms)[0m  [1m[34mSELECT  `emails`.* FROM `emails` LIMIT 10[0m
  Rendering crawler/index.html.erb within layouts/application
  Rendered emails/_index.html.erb (0.9ms)
  Rendered crawler/index.html.erb within layouts/application (15.0ms)
Completed 200 OK in 61ms (Views: 53.7ms | ActiveRecord: 0.8ms)


Started GET "/crawler/index" for 127.0.0.1 at 2018-01-21 15:38:58 -0200
Processing by CrawlerController#index as HTML
  [1m[36mEmail Load (4.7ms)[0m  [1m[34mSELECT  `emails`.* FROM `emails` LIMIT 10[0m
  Rendering crawler/index.html.erb within layouts/application
  Rendered emails/_index.html.erb (0.8ms)
  Rendered crawler/index.html.erb within layouts/application (4.4ms)
Completed 200 OK in 58ms (Views: 39.6ms | ActiveRecord: 4.7ms)


Started GET "/crawler/index" for 127.0.0.1 at 2018-01-21 15:39:06 -0200
Processing by CrawlerController#index as HTML
  [1m[36mEmail Load (5.0ms)[0m  [1m[34mSELECT  `emails`.* FROM `emails` LIMIT 10[0m
  Rendering crawler/index.html.erb within layouts/application
  Rendered emails/_index.html.erb (0.7ms)
  Rendered crawler/index.html.erb within layouts/application (5.5ms)
Completed 200 OK in 65ms (Views: 56.5ms | ActiveRecord: 5.0ms)


Started GET "/crawler/index" for 127.0.0.1 at 2018-01-21 15:40:13 -0200
Processing by CrawlerController#index as HTML
  [1m[36mEmail Load (1.2ms)[0m  [1m[34mSELECT  `emails`.* FROM `emails` LIMIT 10[0m
  Rendering crawler/index.html.erb within layouts/application
  Rendered emails/_index.html.erb (0.9ms)
  Rendered crawler/index.html.erb within layouts/application (16.0ms)
Completed 200 OK in 86ms (Views: 60.1ms | ActiveRecord: 1.2ms)


Started GET "/crawler/index" for 127.0.0.1 at 2018-01-21 15:40:23 -0200
Processing by CrawlerController#index as HTML
  [1m[36mEmail Load (0.6ms)[0m  [1m[34mSELECT  `emails`.* FROM `emails` LIMIT 10[0m
  Rendering crawler/index.html.erb within layouts/application
  Rendered emails/_index.html.erb (0.9ms)
  Rendered crawler/index.html.erb within layouts/application (8.8ms)
Completed 200 OK in 65ms (Views: 52.8ms | ActiveRecord: 0.6ms)


Started GET "/crawler/index" for 127.0.0.1 at 2018-01-21 15:40:29 -0200
Processing by CrawlerController#index as HTML
  [1m[36mEmail Load (1.1ms)[0m  [1m[34mSELECT  `emails`.* FROM `emails` LIMIT 10[0m
  Rendering crawler/index.html.erb within layouts/application
  Rendered emails/_index.html.erb (0.7ms)
  Rendered crawler/index.html.erb within layouts/application (4.7ms)
Completed 200 OK in 33ms (Views: 28.0ms | ActiveRecord: 1.1ms)


Started GET "/crawler/index" for 127.0.0.1 at 2018-01-21 15:40:49 -0200
Processing by CrawlerController#index as HTML
  [1m[36mEmail Load (0.7ms)[0m  [1m[34mSELECT  `emails`.* FROM `emails` LIMIT 10[0m
  Rendering crawler/index.html.erb within layouts/application
  Rendered emails/_index.html.erb (1.0ms)
  Rendered crawler/index.html.erb within layouts/application (5.8ms)
Completed 200 OK in 61ms (Views: 51.6ms | ActiveRecord: 0.7ms)


Started GET "/crawler/index" for 127.0.0.1 at 2018-01-21 15:40:59 -0200
Processing by CrawlerController#index as HTML
  [1m[36mEmail Load (2.3ms)[0m  [1m[34mSELECT  `emails`.* FROM `emails` LIMIT 10[0m
  Rendering crawler/index.html.erb within layouts/application
  Rendered emails/_index.html.erb (0.8ms)
  Rendered crawler/index.html.erb within layouts/application (11.9ms)
Completed 200 OK in 41ms (Views: 32.8ms | ActiveRecord: 2.3ms)


Started GET "/crawler/index" for 127.0.0.1 at 2018-01-21 15:41:08 -0200
Processing by CrawlerController#index as HTML
  [1m[36mEmail Load (0.6ms)[0m  [1m[34mSELECT  `emails`.* FROM `emails` LIMIT 10[0m
  Rendering crawler/index.html.erb within layouts/application
  Rendered emails/_index.html.erb (1.7ms)
  Rendered crawler/index.html.erb within layouts/application (6.4ms)
Completed 200 OK in 55ms (Views: 48.3ms | ActiveRecord: 0.6ms)


Started GET "/crawler/index" for 127.0.0.1 at 2018-01-21 15:41:57 -0200
Processing by CrawlerController#index as HTML
  [1m[36mEmail Load (1.0ms)[0m  [1m[34mSELECT  `emails`.* FROM `emails` LIMIT 10[0m
  Rendering crawler/index.html.erb within layouts/application
  Rendered emails/_index.html.erb (0.8ms)
  Rendered crawler/index.html.erb within layouts/application (3.4ms)
Completed 200 OK in 57ms (Views: 52.7ms | ActiveRecord: 1.0ms)


Started GET "/crawler/index" for 127.0.0.1 at 2018-01-21 15:42:42 -0200
Processing by CrawlerController#index as HTML
  [1m[36mEmail Load (0.8ms)[0m  [1m[34mSELECT  `emails`.* FROM `emails` LIMIT 10[0m
  Rendering crawler/index.html.erb within layouts/application
  Rendered emails/_index.html.erb (7.5ms)
  Rendered crawler/index.html.erb within layouts/application (13.8ms)
Completed 200 OK in 74ms (Views: 66.9ms | ActiveRecord: 0.8ms)


Started GET "/crawler/index" for 127.0.0.1 at 2018-01-21 15:42:56 -0200
Processing by CrawlerController#index as HTML
  [1m[36mEmail Load (0.7ms)[0m  [1m[34mSELECT  `emails`.* FROM `emails` LIMIT 10[0m
  Rendering crawler/index.html.erb within layouts/application
  Rendered emails/_index.html.erb (0.8ms)
  Rendered crawler/index.html.erb within layouts/application (6.1ms)
Completed 200 OK in 61ms (Views: 57.5ms | ActiveRecord: 0.7ms)


Started GET "/crawler/index" for 127.0.0.1 at 2018-01-21 15:43:04 -0200
Processing by CrawlerController#index as HTML
  [1m[36mEmail Load (0.6ms)[0m  [1m[34mSELECT  `emails`.* FROM `emails` LIMIT 10[0m
  Rendering crawler/index.html.erb within layouts/application
  Rendered emails/_index.html.erb (0.7ms)
  Rendered crawler/index.html.erb within layouts/application (3.0ms)
Completed 200 OK in 48ms (Views: 44.8ms | ActiveRecord: 0.6ms)


Started GET "/crawler/index" for 127.0.0.1 at 2018-01-21 15:43:28 -0200
Processing by CrawlerController#index as HTML
  [1m[36mEmail Load (0.5ms)[0m  [1m[34mSELECT  `emails`.* FROM `emails` LIMIT 10[0m
  Rendering crawler/index.html.erb within layouts/application
  Rendered emails/_index.html.erb (0.8ms)
  Rendered crawler/index.html.erb within layouts/application (13.2ms)
Completed 200 OK in 97ms (Views: 88.2ms | ActiveRecord: 0.5ms)


Started GET "/crawler/index" for 127.0.0.1 at 2018-01-21 15:44:44 -0200
Processing by CrawlerController#index as HTML
  [1m[36mEmail Load (4.6ms)[0m  [1m[34mSELECT  `emails`.* FROM `emails` LIMIT 10[0m
  Rendering crawler/index.html.erb within layouts/application
  Rendered emails/_index.html.erb (0.8ms)
  Rendered crawler/index.html.erb within layouts/application (13.4ms)
Completed 200 OK in 110ms (Views: 99.9ms | ActiveRecord: 4.6ms)


